<?xml version="1.0" encoding="UTF-8"?>
<coverage generated="1660319773741" clover="3.2.0">
  <project timestamp="1660319773741" name="All files">
    <metrics statements="51" coveredstatements="44" conditionals="10" coveredconditionals="8" methods="36" coveredmethods="28" elements="97" coveredelements="80" complexity="0" loc="51" ncloc="51" packages="1" files="2" classes="2"/>
    <file name="todo.js" path="/home/ec2-user/environment/JS130/lesson_3/jest_testing_2/todo.js">
      <metrics statements="11" coveredstatements="10" conditionals="2" coveredconditionals="2" methods="6" coveredmethods="5"/>
      <line num="3" count="54" type="stmt"/>
      <line num="4" count="54" type="stmt"/>
      <line num="8" count="11" type="cond" truecount="2" falsecount="0"/>
      <line num="9" count="11" type="stmt"/>
      <line num="13" count="10" type="stmt"/>
      <line num="17" count="1" type="stmt"/>
      <line num="21" count="23" type="stmt"/>
      <line num="25" count="0" type="stmt"/>
      <line num="29" count="1" type="stmt"/>
      <line num="30" count="1" type="stmt"/>
      <line num="32" count="1" type="stmt"/>
    </file>
    <file name="todolist.js" path="/home/ec2-user/environment/JS130/lesson_3/jest_testing_2/todolist.js">
      <metrics statements="40" coveredstatements="34" conditionals="8" coveredconditionals="6" methods="30" coveredmethods="23"/>
      <line num="1" count="1" type="stmt"/>
      <line num="5" count="20" type="stmt"/>
      <line num="6" count="20" type="stmt"/>
      <line num="10" count="58" type="cond" truecount="2" falsecount="0"/>
      <line num="11" count="2" type="stmt"/>
      <line num="13" count="56" type="stmt"/>
      <line num="17" count="2" type="stmt"/>
      <line num="21" count="1" type="stmt"/>
      <line num="25" count="1" type="stmt"/>
      <line num="29" count="2" type="stmt"/>
      <line num="30" count="1" type="stmt"/>
      <line num="34" count="4" type="stmt"/>
      <line num="35" count="3" type="stmt"/>
      <line num="39" count="2" type="stmt"/>
      <line num="40" count="1" type="stmt"/>
      <line num="44" count="1" type="stmt"/>
      <line num="48" count="1" type="stmt"/>
      <line num="52" count="1" type="stmt"/>
      <line num="56" count="2" type="stmt"/>
      <line num="57" count="1" type="stmt"/>
      <line num="61" count="5" type="stmt"/>
      <line num="62" count="11" type="stmt"/>
      <line num="63" count="5" type="stmt"/>
      <line num="67" count="12" type="stmt"/>
      <line num="71" count="1" type="stmt"/>
      <line num="72" count="1" type="stmt"/>
      <line num="73" count="3" type="cond" truecount="2" falsecount="0"/>
      <line num="74" count="1" type="stmt"/>
      <line num="78" count="1" type="stmt"/>
      <line num="82" count="0" type="stmt"/>
      <line num="86" count="0" type="stmt"/>
      <line num="90" count="0" type="stmt"/>
      <line num="91" count="0" type="cond" truecount="0" falsecount="2"/>
      <line num="92" count="0" type="stmt"/>
      <line num="97" count="6" type="stmt"/>
      <line num="101" count="0" type="stmt"/>
      <line num="105" count="3" type="stmt"/>
      <line num="109" count="10" type="cond" truecount="2" falsecount="0"/>
      <line num="110" count="4" type="stmt"/>
      <line num="115" count="1" type="stmt"/>
    </file>
  </project>
</coverage>
