TN:
SF:todo.js
FN:2,(anonymous_0)
FN:7,(anonymous_1)
FN:12,(anonymous_2)
FN:16,(anonymous_3)
FN:20,(anonymous_4)
FN:24,(anonymous_5)
FNF:6
FNH:5
FNDA:54,(anonymous_0)
FNDA:11,(anonymous_1)
FNDA:10,(anonymous_2)
FNDA:1,(anonymous_3)
FNDA:23,(anonymous_4)
FNDA:0,(anonymous_5)
DA:3,54
DA:4,54
DA:8,11
DA:9,11
DA:13,10
DA:17,1
DA:21,23
DA:25,0
DA:29,1
DA:30,1
DA:32,1
LF:11
LH:10
BRDA:8,0,0,6
BRDA:8,0,1,5
BRF:2
BRH:2
end_of_record
TN:
SF:todolist.js
FN:4,(anonymous_0)
FN:9,(anonymous_1)
FN:16,(anonymous_2)
FN:20,(anonymous_3)
FN:24,(anonymous_4)
FN:28,(anonymous_5)
FN:33,(anonymous_6)
FN:38,(anonymous_7)
FN:43,(anonymous_8)
FN:44,(anonymous_9)
FN:47,(anonymous_10)
FN:51,(anonymous_11)
FN:55,(anonymous_12)
FN:60,(anonymous_13)
FN:62,(anonymous_14)
FN:66,(anonymous_15)
FN:67,(anonymous_16)
FN:70,(anonymous_17)
FN:72,(anonymous_18)
FN:81,(anonymous_19)
FN:82,(anonymous_20)
FN:85,(anonymous_21)
FN:86,(anonymous_22)
FN:89,(anonymous_23)
FN:96,(anonymous_24)
FN:97,(anonymous_25)
FN:100,(anonymous_26)
FN:101,(anonymous_27)
FN:104,(anonymous_28)
FN:108,(anonymous_29)
FNF:30
FNH:23
FNDA:20,(anonymous_0)
FNDA:58,(anonymous_1)
FNDA:2,(anonymous_2)
FNDA:1,(anonymous_3)
FNDA:1,(anonymous_4)
FNDA:2,(anonymous_5)
FNDA:4,(anonymous_6)
FNDA:2,(anonymous_7)
FNDA:1,(anonymous_8)
FNDA:1,(anonymous_9)
FNDA:1,(anonymous_10)
FNDA:1,(anonymous_11)
FNDA:2,(anonymous_12)
FNDA:5,(anonymous_13)
FNDA:11,(anonymous_14)
FNDA:4,(anonymous_15)
FNDA:12,(anonymous_16)
FNDA:1,(anonymous_17)
FNDA:3,(anonymous_18)
FNDA:0,(anonymous_19)
FNDA:0,(anonymous_20)
FNDA:0,(anonymous_21)
FNDA:0,(anonymous_22)
FNDA:0,(anonymous_23)
FNDA:2,(anonymous_24)
FNDA:6,(anonymous_25)
FNDA:0,(anonymous_26)
FNDA:0,(anonymous_27)
FNDA:3,(anonymous_28)
FNDA:10,(anonymous_29)
DA:1,1
DA:5,20
DA:6,20
DA:10,58
DA:11,2
DA:13,56
DA:17,2
DA:21,1
DA:25,1
DA:29,2
DA:30,1
DA:34,4
DA:35,3
DA:39,2
DA:40,1
DA:44,1
DA:48,1
DA:52,1
DA:56,2
DA:57,1
DA:61,5
DA:62,11
DA:63,5
DA:67,12
DA:71,1
DA:72,1
DA:73,3
DA:74,1
DA:78,1
DA:82,0
DA:86,0
DA:90,0
DA:91,0
DA:92,0
DA:97,6
DA:101,0
DA:105,3
DA:109,10
DA:110,4
DA:115,1
LF:40
LH:34
BRDA:10,0,0,2
BRDA:10,0,1,56
BRDA:73,1,0,1
BRDA:73,1,1,2
BRDA:91,2,0,0
BRDA:91,2,1,0
BRDA:109,3,0,4
BRDA:109,3,1,6
BRF:8
BRH:6
end_of_record
